TN:
SF:app\page.tsx
FN:16,Home
FN:28,fetchEvents
FN:80,onClick
FN:95,onClose
FNF:4
FNH:2
FNDA:6,Home
FNDA:3,fetchEvents
FNDA:0,onClick
FNDA:0,onClose
DA:1,1
DA:2,1
DA:3,1
DA:4,1
DA:5,1
DA:6,1
DA:7,1
DA:8,1
DA:9,1
DA:10,1
DA:11,1
DA:12,1
DA:13,1
DA:14,1
DA:15,1
DA:16,1
DA:17,6
DA:18,6
DA:19,6
DA:20,6
DA:21,6
DA:22,6
DA:23,6
DA:24,6
DA:25,6
DA:26,6
DA:27,6
DA:28,3
DA:29,3
DA:30,3
DA:31,3
DA:32,2
DA:33,3
DA:34,3
DA:35,1
DA:36,1
DA:37,3
DA:38,3
DA:39,3
DA:40,3
DA:41,3
DA:42,3
DA:43,6
DA:44,6
DA:45,6
DA:46,6
DA:47,6
DA:48,1
DA:49,1
DA:50,1
DA:51,1
DA:52,1
DA:53,1
DA:54,1
DA:55,1
DA:56,1
DA:57,1
DA:58,1
DA:59,1
DA:60,1
DA:61,1
DA:62,1
DA:63,1
DA:64,1
DA:65,1
DA:66,1
DA:67,1
DA:68,1
DA:69,1
DA:70,1
DA:71,1
DA:72,1
DA:73,1
DA:74,1
DA:75,1
DA:76,1
DA:77,1
DA:78,1
DA:79,1
DA:80,1
DA:81,0
DA:82,0
DA:83,0
DA:84,1
DA:85,1
DA:86,1
DA:87,1
DA:88,1
DA:89,1
DA:90,1
DA:91,1
DA:92,6
DA:93,6
DA:94,6
DA:95,6
DA:96,0
DA:97,0
DA:98,0
DA:99,6
DA:100,6
DA:101,6
DA:102,6
DA:103,6
LF:103
LH:97
BRDA:16,0,0,6
BRDA:25,1,0,0
BRDA:45,2,0,3
BRDA:47,3,0,1
BRDA:92,4,0,0
BRDA:27,5,0,3
BRDA:28,6,0,3
BRDA:31,7,0,1
BRDA:31,8,0,2
BRDA:33,9,0,0
BRDA:34,10,0,1
BRDA:54,11,0,1
BRF:12
BRH:9
end_of_record
TN:
SF:components\EventModal.tsx
FN:34,EventModal
FN:72,onKey
FN:102,handleCancel
FN:118,handleUncancel
FN:143,onClick
FN:230,onClick
FNF:6
FNH:6
FNDA:63,EventModal
FNDA:3,onKey
FNDA:2,handleCancel
FNDA:1,handleUncancel
FNDA:7,onClick
FNDA:2,onClick
DA:1,1
DA:2,1
DA:3,1
DA:4,1
DA:5,1
DA:6,1
DA:7,1
DA:8,1
DA:9,1
DA:10,1
DA:11,1
DA:12,1
DA:13,1
DA:14,1
DA:15,1
DA:16,1
DA:17,1
DA:18,1
DA:19,1
DA:20,1
DA:21,1
DA:22,1
DA:23,1
DA:24,1
DA:25,1
DA:26,1
DA:27,1
DA:28,1
DA:29,1
DA:30,1
DA:31,1
DA:32,1
DA:33,1
DA:34,1
DA:35,63
DA:36,63
DA:37,63
DA:38,63
DA:39,63
DA:40,63
DA:41,63
DA:42,31
DA:43,31
DA:44,31
DA:45,0
DA:46,0
DA:47,63
DA:48,63
DA:49,31
DA:50,30
DA:51,30
DA:52,30
DA:53,31
DA:54,31
DA:55,31
DA:56,28
DA:57,27
DA:58,27
DA:59,31
DA:60,27
DA:61,27
DA:62,31
DA:63,2
DA:64,2
DA:65,2
DA:66,2
DA:67,2
DA:68,31
DA:69,29
DA:70,29
DA:71,31
DA:72,31
DA:73,3
DA:74,3
DA:75,31
DA:76,31
DA:77,30
DA:78,30
DA:79,30
DA:80,63
DA:81,63
DA:82,63
DA:83,31
DA:84,10
DA:85,10
DA:86,10
DA:87,10
DA:88,10
DA:89,10
DA:90,10
DA:91,10
DA:92,10
DA:93,10
DA:94,10
DA:95,0
DA:96,0
DA:97,10
DA:98,63
DA:99,63
DA:100,63
DA:101,62
DA:102,62
DA:103,2
DA:104,2
DA:105,2
DA:106,2
DA:107,2
DA:108,2
DA:109,2
DA:110,2
DA:111,2
DA:112,2
DA:113,2
DA:114,0
DA:115,0
DA:116,2
DA:117,62
DA:118,62
DA:119,1
DA:120,1
DA:121,1
DA:122,1
DA:123,1
DA:124,1
DA:125,1
DA:126,1
DA:127,1
DA:128,1
DA:129,1
DA:130,0
DA:131,0
DA:132,1
DA:133,62
DA:134,62
DA:135,62
DA:136,62
DA:137,62
DA:138,62
DA:139,62
DA:140,62
DA:141,62
DA:142,62
DA:143,62
DA:144,62
DA:145,62
DA:146,62
DA:147,62
DA:148,62
DA:149,62
DA:150,62
DA:151,62
DA:152,62
DA:153,62
DA:154,63
DA:155,63
DA:156,63
DA:157,63
DA:158,63
DA:159,63
DA:160,63
DA:161,63
DA:162,63
DA:163,63
DA:164,63
DA:165,63
DA:166,63
DA:167,63
DA:168,63
DA:169,63
DA:170,63
DA:171,63
DA:172,63
DA:173,63
DA:174,63
DA:175,63
DA:176,63
DA:177,63
DA:178,63
DA:179,63
DA:180,63
DA:181,63
DA:182,29
DA:183,29
DA:184,29
DA:185,29
DA:186,29
DA:187,29
DA:188,29
DA:189,1
DA:190,63
DA:191,63
DA:192,63
DA:193,63
DA:194,63
DA:195,63
DA:196,63
DA:197,63
DA:198,63
DA:199,63
DA:200,63
DA:201,63
DA:202,63
DA:203,63
DA:204,63
DA:205,63
DA:206,63
DA:207,63
DA:208,63
DA:209,63
DA:210,63
DA:211,63
DA:212,63
DA:213,63
DA:214,63
DA:215,63
DA:216,63
DA:217,63
DA:218,63
DA:219,63
DA:220,63
DA:221,63
DA:222,63
DA:223,63
DA:224,63
DA:225,63
DA:226,63
DA:227,63
DA:228,63
DA:229,63
DA:230,63
DA:231,63
DA:232,63
DA:233,63
DA:234,63
DA:235,63
DA:236,63
DA:237,63
DA:238,63
DA:239,63
DA:240,63
DA:241,63
DA:242,63
DA:243,63
DA:244,63
DA:245,63
DA:246,63
DA:247,63
DA:248,63
DA:249,63
DA:250,15
DA:251,15
DA:252,15
DA:253,15
DA:254,15
DA:255,15
DA:256,15
DA:257,15
DA:258,15
DA:259,63
DA:260,63
DA:261,63
DA:262,63
DA:263,63
DA:264,63
DA:265,63
DA:266,63
DA:267,63
DA:268,63
DA:269,63
DA:270,63
DA:271,63
DA:272,63
DA:273,63
DA:274,63
DA:275,63
DA:276,63
DA:277,63
DA:278,63
DA:279,63
DA:280,63
DA:281,63
DA:282,63
DA:283,63
DA:284,63
DA:285,2
DA:286,2
DA:287,2
DA:288,2
DA:289,2
DA:290,2
DA:291,2
DA:292,63
DA:293,63
DA:294,63
DA:295,63
DA:296,63
DA:297,63
DA:298,63
DA:299,63
DA:300,63
DA:301,63
DA:302,63
DA:303,63
DA:304,63
DA:305,63
DA:306,63
DA:307,63
DA:308,63
DA:309,63
LF:309
LH:301
BRDA:34,0,0,63
BRDA:100,1,0,1
BRDA:100,2,0,62
BRDA:156,3,0,32
BRDA:156,4,0,30
BRDA:159,5,0,29
BRDA:159,6,0,1
BRDA:167,7,0,26
BRDA:167,8,0,3
BRDA:182,9,0,29
BRDA:188,10,0,1
BRDA:227,11,0,15
BRDA:227,12,0,13
BRDA:236,13,0,1
BRDA:236,14,0,10
BRDA:249,15,0,15
BRDA:259,16,0,2
BRDA:273,17,0,13
BRDA:284,18,0,2
BRDA:41,19,0,31
BRDA:44,20,0,0
BRDA:48,21,0,31
BRDA:49,22,0,1
BRDA:49,23,0,30
BRDA:53,24,0,1
BRDA:55,25,0,28
BRDA:56,26,0,1
BRDA:56,27,0,27
BRDA:59,28,0,27
BRDA:60,29,0,26
BRDA:62,30,0,2
BRDA:65,31,0,0
BRDA:68,32,0,29
BRDA:69,33,0,28
BRDA:72,34,0,3
BRDA:73,35,0,1
BRDA:76,36,0,30
BRDA:82,37,0,31
BRDA:83,38,0,10
BRDA:85,39,0,0
BRDA:87,40,0,10
BRDA:88,41,0,0
BRDA:91,42,0,10
BRDA:102,43,0,2
BRDA:103,44,0,0
BRDA:105,45,0,0
BRDA:109,46,0,0
BRDA:113,47,0,0
BRDA:118,48,0,1
BRDA:119,49,0,0
BRDA:121,50,0,0
BRDA:125,51,0,0
BRDA:129,52,0,0
BRDA:143,53,0,7
BRDA:230,54,0,2
BRF:55
BRH:43
end_of_record
TN:
SF:components\ui\button.tsx
FN:39,Button
FNF:1
FNH:1
FNDA:42,Button
DA:1,1
DA:2,1
DA:3,1
DA:4,1
DA:5,1
DA:6,1
DA:7,1
DA:8,1
DA:9,1
DA:10,1
DA:11,1
DA:12,1
DA:13,1
DA:14,1
DA:15,1
DA:16,1
DA:17,1
DA:18,1
DA:19,1
DA:20,1
DA:21,1
DA:22,1
DA:23,1
DA:24,1
DA:25,1
DA:26,1
DA:27,1
DA:28,1
DA:29,1
DA:30,1
DA:31,1
DA:32,1
DA:33,1
DA:34,1
DA:35,1
DA:36,1
DA:37,1
DA:38,1
DA:39,42
DA:40,42
DA:41,42
DA:42,42
DA:43,42
DA:44,42
DA:45,42
DA:46,42
DA:47,42
DA:48,42
DA:49,42
DA:50,42
DA:51,42
DA:52,42
DA:53,42
DA:54,42
DA:55,42
DA:56,42
DA:57,42
DA:58,42
DA:59,1
DA:60,1
LF:60
LH:60
BRDA:39,0,0,42
BRDA:49,1,0,0
BRF:2
BRH:1
end_of_record
TN:
SF:components\ui\card.tsx
FN:5,Card
FN:18,CardHeader
FN:31,CardTitle
FN:41,CardDescription
FN:51,CardAction
FN:64,CardContent
FN:74,CardFooter
FNF:7
FNH:7
FNDA:3,Card
FNDA:2,CardHeader
FNDA:2,CardTitle
FNDA:2,CardDescription
FNDA:2,CardAction
FNDA:3,CardContent
FNDA:3,CardFooter
DA:1,1
DA:2,1
DA:3,1
DA:4,1
DA:5,3
DA:6,3
DA:7,3
DA:8,3
DA:9,3
DA:10,3
DA:11,3
DA:12,3
DA:13,3
DA:14,3
DA:15,3
DA:16,3
DA:17,1
DA:18,2
DA:19,2
DA:20,2
DA:21,2
DA:22,2
DA:23,2
DA:24,2
DA:25,2
DA:26,2
DA:27,2
DA:28,2
DA:29,2
DA:30,1
DA:31,2
DA:32,2
DA:33,2
DA:34,2
DA:35,2
DA:36,2
DA:37,2
DA:38,2
DA:39,2
DA:40,1
DA:41,2
DA:42,2
DA:43,2
DA:44,2
DA:45,2
DA:46,2
DA:47,2
DA:48,2
DA:49,2
DA:50,1
DA:51,2
DA:52,2
DA:53,2
DA:54,2
DA:55,2
DA:56,2
DA:57,2
DA:58,2
DA:59,2
DA:60,2
DA:61,2
DA:62,2
DA:63,1
DA:64,3
DA:65,3
DA:66,3
DA:67,3
DA:68,3
DA:69,3
DA:70,3
DA:71,3
DA:72,3
DA:73,1
DA:74,3
DA:75,3
DA:76,3
DA:77,3
DA:78,3
DA:79,3
DA:80,3
DA:81,3
DA:82,3
DA:83,1
DA:84,1
DA:85,1
DA:86,1
DA:87,1
DA:88,1
DA:89,1
DA:90,1
DA:91,1
DA:92,1
LF:92
LH:92
BRDA:5,0,0,3
BRDA:18,1,0,2
BRDA:31,2,0,2
BRDA:41,3,0,2
BRDA:51,4,0,2
BRDA:64,5,0,3
BRDA:74,6,0,3
BRF:7
BRH:7
end_of_record
TN:
SF:lib\auth.ts
FN:5,isAuthenticated
FN:10,logout
FN:15,login
FN:50,register
FN:71,fetchWithAuth
FNF:5
FNH:1
FNDA:0,isAuthenticated
FNDA:0,logout
FNDA:0,login
FNDA:0,register
FNDA:10,fetchWithAuth
DA:1,1
DA:2,1
DA:3,1
DA:4,1
DA:5,1
DA:6,0
DA:7,0
DA:8,0
DA:9,1
DA:10,1
DA:11,0
DA:12,0
DA:13,0
DA:14,1
DA:15,1
DA:16,0
DA:17,0
DA:18,0
DA:19,0
DA:20,0
DA:21,0
DA:22,0
DA:23,0
DA:24,0
DA:25,0
DA:26,0
DA:27,0
DA:28,0
DA:29,0
DA:30,0
DA:31,0
DA:32,0
DA:33,1
DA:34,1
DA:35,1
DA:36,1
DA:37,1
DA:38,1
DA:39,1
DA:40,1
DA:41,1
DA:42,1
DA:43,1
DA:44,1
DA:45,1
DA:46,1
DA:47,1
DA:48,1
DA:49,1
DA:50,1
DA:51,0
DA:52,0
DA:53,0
DA:54,0
DA:55,0
DA:56,0
DA:57,0
DA:58,0
DA:59,0
DA:60,0
DA:61,0
DA:62,0
DA:63,0
DA:64,0
DA:65,0
DA:66,0
DA:67,0
DA:68,0
DA:69,0
DA:70,1
DA:71,1
DA:72,10
DA:73,10
DA:74,10
DA:75,10
DA:76,10
DA:77,10
DA:78,10
DA:79,10
DA:80,3
DA:81,3
DA:82,10
DA:83,10
DA:84,10
DA:85,10
DA:86,10
DA:87,10
DA:88,10
DA:89,7
DA:90,7
DA:91,10
DA:92,10
DA:93,0
DA:94,0
DA:95,0
DA:96,0
DA:97,0
DA:98,10
DA:99,10
DA:100,10
DA:101,10
DA:102,10
DA:103,10
LF:103
LH:56
BRDA:1,0,0,0
BRDA:71,1,0,10
BRDA:79,2,0,3
BRDA:88,3,0,7
BRDA:92,4,0,0
BRF:5
BRH:3
end_of_record
TN:
SF:lib\events.ts
FN:6,cancelEventRequest
FN:12,uncancelEventRequest
FNF:2
FNH:0
FNDA:0,cancelEventRequest
FNDA:0,uncancelEventRequest
DA:1,1
DA:2,1
DA:3,1
DA:4,1
DA:5,1
DA:6,1
DA:7,0
DA:8,0
DA:9,0
DA:10,0
DA:11,1
DA:12,1
DA:13,0
DA:14,0
DA:15,0
DA:16,0
LF:16
LH:8
BRDA:4,0,0,0
BRF:1
BRH:0
end_of_record
TN:
SF:lib\utils.ts
FN:4,cn
FNF:1
FNH:1
FNDA:59,cn
DA:1,1
DA:2,1
DA:3,1
DA:4,1
DA:5,59
DA:6,59
LF:6
LH:6
BRDA:4,0,0,59
BRF:1
BRH:1
end_of_record
